<?xml version="1.0" encoding="UTF-8"?>
<!-- Generated by org.testng.reporters.JUnitReportReporter -->
<testsuite hostname="INLEN8520069361" failures="0" tests="1" name="com.testng.selenium.GreenKartProject.FlightBooking" time="4.784" errors="0" timestamp="2024-01-30T14:30:42 IST" skipped="0">
  <testcase classname="com.testng.selenium.GreenKartProject.FlightBooking" name="FlighBook" time="4.784"/>
  <system-out/>
</testsuite> <!-- com.testng.selenium.GreenKartProject.FlightBooking -->
