<?xml version="1.0" encoding="UTF-8"?>
<!-- Generated by org.testng.reporters.JUnitReportReporter -->
<testsuite hostname="INLEN8520069361" failures="0" tests="1" name="com.testng.selenium.GreenKartProject.TestngTest" time="3.119" errors="0" timestamp="2024-01-27T18:19:49 IST" skipped="0">
  <testcase classname="com.testng.selenium.GreenKartProject.TestngTest" name="addCartItem" time="3.119"/>
  <system-out/>
</testsuite> <!-- com.testng.selenium.GreenKartProject.TestngTest -->
