<?xml version="1.0" encoding="UTF-8"?>
<!-- Generated by org.testng.reporters.JUnitReportReporter -->
<testsuite hostname="INLEN8520069361" failures="0" tests="1" name="com.testng.selenium.GreenKartProject.CancelOneItem" time="7.939" errors="0" timestamp="2024-01-28T19:30:04 IST" skipped="0">
  <testcase classname="com.testng.selenium.GreenKartProject.CancelOneItem" name="cancelThirdItem" time="7.939"/>
  <system-out/>
</testsuite> <!-- com.testng.selenium.GreenKartProject.CancelOneItem -->
