<?xml version="1.0" encoding="UTF-8"?>
<!-- Generated by org.testng.reporters.JUnitReportReporter -->
<testsuite hostname="INLEN8520069361" failures="0" tests="3" name="DynamicJson.LibraryAPI" time="3.442" errors="0" timestamp="2023-12-15T22:18:48 IST" skipped="0">
  <testcase classname="DynamicJson.LibraryAPI" name="addBook" time="3.006"/>
  <system-out/>
  <testcase classname="DynamicJson.LibraryAPI" name="addBook" time="0.213"/>
  <system-out/>
  <testcase classname="DynamicJson.LibraryAPI" name="addBook" time="0.223"/>
  <system-out/>
</testsuite> <!-- DynamicJson.LibraryAPI -->
