<?xml version="1.0" encoding="UTF-8"?>
<!-- Generated by org.testng.reporters.JUnitReportReporter -->
<testsuite hostname="INLEN8520069361" failures="0" tests="3" name="JSon.Library" time="3.540" errors="0" timestamp="2023-12-15T10:27:33 IST" skipped="0">
  <testcase classname="JSon.Library" name="addBook" time="2.529"/>
  <system-out/>
  <testcase classname="JSon.Library" name="addBook" time="0.503"/>
  <system-out/>
  <testcase classname="JSon.Library" name="addBook" time="0.508"/>
  <system-out/>
</testsuite> <!-- JSon.Library -->
